{"C:\\Users\\Deton\\workspace\\node\\devstore_api\\devstore\\src\\Coupon.ts": {"path":"C:\\Users\\Deton\\workspace\\node\\devstore_api\\devstore\\src\\Coupon.ts","statementMap":{"0":{"start":{"line":3,"column":25},"end":{"line":3,"column":37}},"1":{"start":{"line":3,"column":48},"end":{"line":3,"column":66}},"2":{"start":{"line":7,"column":8},"end":{"line":7,"column":45}},"3":{"start":{"line":1,"column":0},"end":{"line":1,"column":21}}},"fnMap":{"0":{"name":"(anonymous_0)","decl":{"start":{"line":3,"column":4},"end":{"line":3,"column":25}},"loc":{"start":{"line":3,"column":66},"end":{"line":4,"column":5}}},"1":{"name":"(anonymous_1)","decl":{"start":{"line":6,"column":4},"end":{"line":6,"column":21}},"loc":{"start":{"line":6,"column":35},"end":{"line":8,"column":5}}}},"branchMap":{},"s":{"0":1,"1":1,"2":1,"3":1},"f":{"0":1,"1":1},"b":{}}
,"C:\\Users\\Deton\\workspace\\node\\devstore_api\\devstore\\src\\Cpf.ts": {"path":"C:\\Users\\Deton\\workspace\\node\\devstore_api\\devstore\\src\\Cpf.ts","statementMap":{"0":{"start":{"line":3,"column":12},"end":{"line":3,"column":36}},"1":{"start":{"line":4,"column":12},"end":{"line":4,"column":37}},"2":{"start":{"line":7,"column":8},"end":{"line":7,"column":67}},"3":{"start":{"line":7,"column":35},"end":{"line":7,"column":67}},"4":{"start":{"line":8,"column":8},"end":{"line":8,"column":27}},"5":{"start":{"line":12,"column":8},"end":{"line":12,"column":33}},"6":{"start":{"line":12,"column":20},"end":{"line":12,"column":33}},"7":{"start":{"line":13,"column":19},"end":{"line":13,"column":40}},"8":{"start":{"line":14,"column":8},"end":{"line":14,"column":51}},"9":{"start":{"line":14,"column":38},"end":{"line":14,"column":51}},"10":{"start":{"line":15,"column":8},"end":{"line":15,"column":53}},"11":{"start":{"line":15,"column":40},"end":{"line":15,"column":53}},"12":{"start":{"line":16,"column":38},"end":{"line":16,"column":92}},"13":{"start":{"line":17,"column":38},"end":{"line":17,"column":93}},"14":{"start":{"line":18,"column":25},"end":{"line":18,"column":52}},"15":{"start":{"line":19,"column":37},"end":{"line":19,"column":87}},"16":{"start":{"line":20,"column":8},"end":{"line":20,"column":51}},"17":{"start":{"line":24,"column":8},"end":{"line":24,"column":38}},"18":{"start":{"line":28,"column":8},"end":{"line":28,"column":33}},"19":{"start":{"line":32,"column":29},"end":{"line":32,"column":32}},"20":{"start":{"line":33,"column":8},"end":{"line":33,"column":61}},"21":{"start":{"line":33,"column":39},"end":{"line":33,"column":59}},"22":{"start":{"line":37,"column":22},"end":{"line":40,"column":13}},"23":{"start":{"line":38,"column":12},"end":{"line":38,"column":63}},"24":{"start":{"line":38,"column":27},"end":{"line":38,"column":63}},"25":{"start":{"line":39,"column":12},"end":{"line":39,"column":25}},"26":{"start":{"line":41,"column":21},"end":{"line":41,"column":29}},"27":{"start":{"line":42,"column":8},"end":{"line":42,"column":42}},"28":{"start":{"line":46,"column":8},"end":{"line":46,"column":29}},"29":{"start":{"line":1,"column":0},"end":{"line":1,"column":21}}},"fnMap":{"0":{"name":"(anonymous_0)","decl":{"start":{"line":6,"column":4},"end":{"line":6,"column":16}},"loc":{"start":{"line":6,"column":29},"end":{"line":9,"column":5}}},"1":{"name":"(anonymous_1)","decl":{"start":{"line":11,"column":12},"end":{"line":11,"column":20}},"loc":{"start":{"line":11,"column":54},"end":{"line":21,"column":5}}},"2":{"name":"(anonymous_2)","decl":{"start":{"line":23,"column":12},"end":{"line":23,"column":20}},"loc":{"start":{"line":23,"column":32},"end":{"line":25,"column":5}}},"3":{"name":"(anonymous_3)","decl":{"start":{"line":27,"column":12},"end":{"line":27,"column":27}},"loc":{"start":{"line":27,"column":39},"end":{"line":29,"column":5}}},"4":{"name":"(anonymous_4)","decl":{"start":{"line":31,"column":12},"end":{"line":31,"column":29}},"loc":{"start":{"line":31,"column":41},"end":{"line":34,"column":5}}},"5":{"name":"(anonymous_5)","decl":{"start":{"line":33,"column":30},"end":{"line":33,"column":35}},"loc":{"start":{"line":33,"column":39},"end":{"line":33,"column":59}}},"6":{"name":"(anonymous_6)","decl":{"start":{"line":36,"column":12},"end":{"line":36,"column":31}},"loc":{"start":{"line":36,"column":59},"end":{"line":43,"column":5}}},"7":{"name":"(anonymous_7)","decl":{"start":{"line":37,"column":38},"end":{"line":37,"column":39}},"loc":{"start":{"line":37,"column":55},"end":{"line":40,"column":9}}},"8":{"name":"(anonymous_8)","decl":{"start":{"line":45,"column":12},"end":{"line":45,"column":29}},"loc":{"start":{"line":45,"column":41},"end":{"line":47,"column":5}}}},"branchMap":{"0":{"loc":{"start":{"line":7,"column":8},"end":{"line":7,"column":67}},"type":"if","locations":[{"start":{"line":7,"column":8},"end":{"line":7,"column":67}}]},"1":{"loc":{"start":{"line":12,"column":8},"end":{"line":12,"column":33}},"type":"if","locations":[{"start":{"line":12,"column":8},"end":{"line":12,"column":33}}]},"2":{"loc":{"start":{"line":14,"column":8},"end":{"line":14,"column":51}},"type":"if","locations":[{"start":{"line":14,"column":8},"end":{"line":14,"column":51}}]},"3":{"loc":{"start":{"line":15,"column":8},"end":{"line":15,"column":53}},"type":"if","locations":[{"start":{"line":15,"column":8},"end":{"line":15,"column":53}}]},"4":{"loc":{"start":{"line":38,"column":12},"end":{"line":38,"column":63}},"type":"if","locations":[{"start":{"line":38,"column":12},"end":{"line":38,"column":63}}]},"5":{"loc":{"start":{"line":42,"column":15},"end":{"line":42,"column":41}},"type":"cond-expr","locations":[{"start":{"line":42,"column":28},"end":{"line":42,"column":29}},{"start":{"line":42,"column":32},"end":{"line":42,"column":41}}]}},"s":{"0":7,"1":7,"2":7,"3":4,"4":3,"5":7,"6":0,"7":7,"8":7,"9":0,"10":7,"11":3,"12":4,"13":4,"14":4,"15":4,"16":4,"17":7,"18":7,"19":7,"20":7,"21":49,"22":8,"23":88,"24":76,"25":88,"26":8,"27":8,"28":4,"29":2},"f":{"0":7,"1":7,"2":7,"3":7,"4":7,"5":49,"6":8,"7":88,"8":4},"b":{"0":[4],"1":[0],"2":[0],"3":[3],"4":[76],"5":[0,8]}}
,"C:\\Users\\Deton\\workspace\\node\\devstore_api\\devstore\\src\\Item.ts": {"path":"C:\\Users\\Deton\\workspace\\node\\devstore_api\\devstore\\src\\Item.ts","statementMap":{"0":{"start":{"line":3,"column":25},"end":{"line":3,"column":39}},"1":{"start":{"line":3,"column":50},"end":{"line":3,"column":69}},"2":{"start":{"line":3,"column":80},"end":{"line":3,"column":93}},"3":{"start":{"line":1,"column":0},"end":{"line":1,"column":21}}},"fnMap":{"0":{"name":"(anonymous_0)","decl":{"start":{"line":3,"column":4},"end":{"line":3,"column":25}},"loc":{"start":{"line":3,"column":93},"end":{"line":4,"column":5}}}},"branchMap":{},"s":{"0":6,"1":6,"2":6,"3":1},"f":{"0":6},"b":{}}
,"C:\\Users\\Deton\\workspace\\node\\devstore_api\\devstore\\src\\OrdemItem.ts": {"path":"C:\\Users\\Deton\\workspace\\node\\devstore_api\\devstore\\src\\OrdemItem.ts","statementMap":{"0":{"start":{"line":3,"column":25},"end":{"line":3,"column":39}},"1":{"start":{"line":3,"column":50},"end":{"line":3,"column":63}},"2":{"start":{"line":3,"column":74},"end":{"line":3,"column":90}},"3":{"start":{"line":8,"column":8},"end":{"line":8,"column":42}},"4":{"start":{"line":1,"column":0},"end":{"line":1,"column":21}}},"fnMap":{"0":{"name":"(anonymous_0)","decl":{"start":{"line":3,"column":4},"end":{"line":3,"column":25}},"loc":{"start":{"line":3,"column":90},"end":{"line":5,"column":5}}},"1":{"name":"(anonymous_1)","decl":{"start":{"line":7,"column":4},"end":{"line":7,"column":12}},"loc":{"start":{"line":7,"column":12},"end":{"line":9,"column":5}}}},"branchMap":{},"s":{"0":6,"1":6,"2":6,"3":6,"4":1},"f":{"0":6,"1":6},"b":{}}
,"C:\\Users\\Deton\\workspace\\node\\devstore_api\\devstore\\src\\Order.ts": {"path":"C:\\Users\\Deton\\workspace\\node\\devstore_api\\devstore\\src\\Order.ts","statementMap":{"0":{"start":{"line":1,"column":0},"end":{"line":1,"column":24}},"1":{"start":{"line":3,"column":0},"end":{"line":3,"column":36}},"2":{"start":{"line":13,"column":8},"end":{"line":13,"column":32}},"3":{"start":{"line":14,"column":8},"end":{"line":14,"column":29}},"4":{"start":{"line":18,"column":8},"end":{"line":18,"column":79}},"5":{"start":{"line":22,"column":8},"end":{"line":22,"column":29}},"6":{"start":{"line":26,"column":20},"end":{"line":29,"column":13}},"7":{"start":{"line":27,"column":12},"end":{"line":27,"column":42}},"8":{"start":{"line":28,"column":12},"end":{"line":28,"column":25}},"9":{"start":{"line":30,"column":8},"end":{"line":32,"column":null}},"10":{"start":{"line":31,"column":12},"end":{"line":31,"column":58}},"11":{"start":{"line":33,"column":8},"end":{"line":33,"column":21}},"12":{"start":{"line":7,"column":0},"end":{"line":7,"column":21}}},"fnMap":{"0":{"name":"(anonymous_1)","decl":{"start":{"line":12,"column":4},"end":{"line":12,"column":16}},"loc":{"start":{"line":12,"column":27},"end":{"line":15,"column":5}}},"1":{"name":"(anonymous_2)","decl":{"start":{"line":17,"column":4},"end":{"line":17,"column":11}},"loc":{"start":{"line":17,"column":40},"end":{"line":19,"column":5}}},"2":{"name":"(anonymous_3)","decl":{"start":{"line":21,"column":4},"end":{"line":21,"column":13}},"loc":{"start":{"line":21,"column":28},"end":{"line":23,"column":5}}},"3":{"name":"(anonymous_4)","decl":{"start":{"line":25,"column":4},"end":{"line":25,"column":12}},"loc":{"start":{"line":25,"column":12},"end":{"line":34,"column":5}}},"4":{"name":"(anonymous_5)","decl":{"start":{"line":26,"column":43},"end":{"line":26,"column":44}},"loc":{"start":{"line":26,"column":64},"end":{"line":29,"column":9}}}},"branchMap":{"0":{"loc":{"start":{"line":30,"column":8},"end":{"line":32,"column":null}},"type":"if","locations":[{"start":{"line":30,"column":8},"end":{"line":32,"column":null}}]}},"s":{"0":1,"1":1,"2":3,"3":2,"4":6,"5":1,"6":2,"7":6,"8":6,"9":2,"10":1,"11":2,"12":1},"f":{"0":3,"1":6,"2":1,"3":2,"4":6},"b":{"0":[1]}}
}
