TN:
SF:src\Coupon.ts
FN:3,(anonymous_0)
FN:6,(anonymous_1)
FNF:2
FNH:2
FNDA:1,(anonymous_0)
FNDA:1,(anonymous_1)
DA:1,1
DA:3,1
DA:7,1
LF:3
LH:3
BRF:0
BRH:0
end_of_record
TN:
SF:src\Cpf.ts
FN:6,(anonymous_0)
FN:11,(anonymous_1)
FN:23,(anonymous_2)
FN:27,(anonymous_3)
FN:31,(anonymous_4)
FN:33,(anonymous_5)
FN:36,(anonymous_6)
FN:37,(anonymous_7)
FN:45,(anonymous_8)
FNF:9
FNH:9
FNDA:7,(anonymous_0)
FNDA:7,(anonymous_1)
FNDA:7,(anonymous_2)
FNDA:7,(anonymous_3)
FNDA:7,(anonymous_4)
FNDA:49,(anonymous_5)
FNDA:8,(anonymous_6)
FNDA:88,(anonymous_7)
FNDA:4,(anonymous_8)
DA:1,2
DA:3,7
DA:4,7
DA:7,7
DA:8,3
DA:12,7
DA:13,7
DA:14,7
DA:15,7
DA:16,4
DA:17,4
DA:18,4
DA:19,4
DA:20,4
DA:24,7
DA:28,7
DA:32,7
DA:33,49
DA:37,8
DA:38,88
DA:39,88
DA:41,8
DA:42,8
DA:46,4
LF:24
LH:24
BRDA:7,0,0,4
BRDA:12,1,0,0
BRDA:14,2,0,0
BRDA:15,3,0,3
BRDA:38,4,0,76
BRDA:42,5,0,0
BRDA:42,5,1,8
BRF:7
BRH:4
end_of_record
TN:
SF:src\Item.ts
FN:3,(anonymous_0)
FNF:1
FNH:1
FNDA:6,(anonymous_0)
DA:1,1
DA:3,6
LF:2
LH:2
BRF:0
BRH:0
end_of_record
TN:
SF:src\OrdemItem.ts
FN:3,(anonymous_0)
FN:7,(anonymous_1)
FNF:2
FNH:2
FNDA:6,(anonymous_0)
FNDA:6,(anonymous_1)
DA:1,1
DA:3,6
DA:8,6
LF:3
LH:3
BRF:0
BRH:0
end_of_record
TN:
SF:src\Order.ts
FN:12,(anonymous_1)
FN:17,(anonymous_2)
FN:21,(anonymous_3)
FN:25,(anonymous_4)
FN:26,(anonymous_5)
FNF:5
FNH:5
FNDA:3,(anonymous_1)
FNDA:6,(anonymous_2)
FNDA:1,(anonymous_3)
FNDA:2,(anonymous_4)
FNDA:6,(anonymous_5)
DA:1,1
DA:3,1
DA:7,1
DA:13,3
DA:14,2
DA:18,6
DA:22,1
DA:26,2
DA:27,6
DA:28,6
DA:30,2
DA:31,1
DA:33,2
LF:13
LH:13
BRDA:30,0,0,1
BRF:1
BRH:1
end_of_record
